SF:lib/models/item.dart
DA:5,7
DA:12,3
DA:13,3
DA:14,3
DA:15,3
DA:16,6
DA:17,3
DA:26,3
DA:27,3
DA:28,3
DA:29,3
DA:30,3
DA:31,3
DA:35,3
DA:36,15
LF:15
LH:15
end_of_record
SF:lib/models/cart_line.dart
DA:10,3
DA:17,1
DA:18,4
DA:19,2
DA:20,1
DA:21,2
DA:25,0
DA:27,2
DA:32,2
DA:33,1
DA:34,1
DA:35,1
DA:39,2
DA:40,2
DA:41,4
DA:42,2
DA:43,2
DA:47,2
DA:48,2
DA:49,4
DA:50,2
DA:51,4
DA:55,2
DA:56,8
LF:24
LH:23
end_of_record
SF:lib/models/receipt.dart
DA:12,2
DA:21,0
DA:22,0
DA:23,0
DA:24,0
DA:26,1
DA:27,1
DA:28,5
DA:29,1
DA:30,1
DA:31,1
DA:32,1
DA:36,1
DA:37,1
DA:38,5
DA:39,2
DA:40,2
DA:41,2
DA:42,2
DA:46,2
DA:47,12
LF:21
LH:17
end_of_record
SF:lib/blocs/catalog/catalog_bloc.dart
DA:14,2
DA:15,2
DA:16,2
DA:19,1
DA:20,1
DA:22,1
DA:23,2
DA:25,4
DA:29,1
DA:31,1
DA:32,2
DA:34,4
DA:38,1
DA:39,2
DA:40,1
DA:42,3
DA:43,1
DA:44,1
DA:45,2
DA:47,1
LF:20
LH:20
end_of_record
SF:lib/blocs/catalog/catalog_event.dart
DA:4,1
DA:6,0
DA:7,0
DA:11,1
DA:15,1
LF:5
LH:3
end_of_record
SF:lib/blocs/catalog/catalog_state.dart
DA:5,3
DA:7,1
DA:8,1
DA:12,2
DA:16,2
DA:22,2
DA:24,1
DA:25,2
DA:31,2
DA:33,1
DA:34,2
LF:11
LH:11
end_of_record
SF:lib/blocs/cart/cart_bloc.dart
DA:11,2
DA:12,2
DA:13,2
DA:14,2
DA:15,2
DA:16,2
DA:17,2
DA:18,2
DA:25,0
DA:28,0
DA:29,0
DA:30,0
DA:31,0
DA:32,0
DA:33,0
DA:35,0
DA:36,0
DA:38,0
DA:39,0
DA:41,0
DA:42,0
DA:43,0
DA:44,0
DA:51,1
DA:53,1
DA:54,1
DA:55,1
DA:56,3
DA:57,7
DA:58,1
DA:59,1
DA:61,1
DA:62,1
DA:63,1
DA:64,1
DA:65,1
DA:71,1
DA:73,1
DA:75,4
DA:76,3
DA:77,1
DA:81,1
DA:83,1
DA:86,2
DA:87,2
DA:88,1
DA:93,5
DA:94,0
DA:97,2
DA:98,2
DA:101,3
DA:102,0
DA:103,0
DA:107,1
DA:108,1
DA:109,1
DA:111,2
DA:112,7
DA:114,1
DA:115,6
DA:117,3
DA:120,1
DA:121,1
DA:124,1
DA:127,1
DA:128,1
DA:129,1
DA:130,9
DA:131,1
DA:132,1
DA:135,1
DA:136,1
DA:137,1
DA:138,2
DA:139,7
DA:140,3
DA:141,4
DA:142,0
DA:143,0
DA:145,1
DA:146,1
DA:149,1
DA:150,1
DA:151,1
DA:152,2
DA:153,7
DA:154,1
DA:155,4
DA:157,1
DA:158,1
DA:161,1
DA:162,1
DA:163,3
DA:164,1
DA:165,1
DA:166,1
DA:167,1
DA:168,1
DA:170,2
DA:171,1
DA:172,1
DA:175,1
DA:176,2
DA:177,2
DA:178,4
DA:182,1
DA:183,5
DA:184,2
DA:185,4
DA:189,1
DA:190,9
DA:191,6
DA:192,3
DA:193,4
DA:194,1
LF:115
LH:95
end_of_record
SF:lib/blocs/cart/cart_event.dart
DA:5,1
DA:7,0
DA:8,0
DA:12,1
DA:16,0
DA:17,0
DA:21,1
DA:25,0
DA:26,0
DA:30,1
DA:35,0
DA:36,0
DA:40,1
DA:45,0
DA:46,0
DA:50,1
DA:54,1
DA:58,1
DA:63,0
DA:67,0
DA:68,0
DA:72,0
DA:76,0
DA:77,0
DA:81,0
DA:86,0
DA:87,0
DA:91,0
DA:95,0
LF:29
LH:8
end_of_record
SF:lib/blocs/cart/cart_state.dart
DA:6,2
DA:8,0
DA:9,0
DA:13,0
DA:23,2
DA:32,0
DA:33,0
DA:35,1
DA:36,6
DA:43,0
DA:48,0
DA:49,0
DA:55,1
DA:57,1
DA:58,2
DA:64,0
DA:66,0
DA:67,0
LF:18
LH:7
end_of_record
SF:lib/extensions/money_extension.dart
DA:3,2
LF:1
LH:1
end_of_record
SF:lib/main.dart
DA:3,0
DA:4,0
DA:8,2
DA:11,1
DA:13,1
DA:15,1
DA:31,1
DA:40,1
DA:53,1
DA:54,1
DA:60,1
DA:61,2
DA:67,2
DA:71,1
DA:79,1
DA:80,1
DA:84,3
DA:87,3
DA:89,1
DA:92,1
DA:107,1
DA:111,1
DA:112,2
DA:113,3
DA:118,1
DA:119,1
LF:26
LH:24
end_of_record
